[0.077s] Invoking command in '/home/moses/marp/build/controller': CMAKE_PREFIX_PATH=/opt/ros/humble /usr/bin/cmake --build /home/moses/marp/build/controller -- -j4 -l4
[0.181s] -- Found ament_cmake: 1.3.9 (/opt/ros/humble/share/ament_cmake/cmake)
[1.449s] -- Found rclcpp: 16.0.9 (/opt/ros/humble/share/rclcpp/cmake)
[1.672s] -- Found rosidl_generator_c: 3.1.5 (/opt/ros/humble/share/rosidl_generator_c/cmake)
[1.687s] -- Found rosidl_adapter: 3.1.5 (/opt/ros/humble/share/rosidl_adapter/cmake)
[1.722s] -- Found rosidl_generator_cpp: 3.1.5 (/opt/ros/humble/share/rosidl_generator_cpp/cmake)
[1.785s] -- Using all available rosidl_typesupport_c: rosidl_typesupport_fastrtps_c;rosidl_typesupport_introspection_c
[1.874s] -- Using all available rosidl_typesupport_cpp: rosidl_typesupport_fastrtps_cpp;rosidl_typesupport_introspection_cpp
[2.318s] -- Found rmw_implementation_cmake: 6.1.2 (/opt/ros/humble/share/rmw_implementation_cmake/cmake)
[2.325s] -- Found rmw_fastrtps_cpp: 6.2.6 (/opt/ros/humble/share/rmw_fastrtps_cpp/cmake)
[2.962s] -- Using RMW implementation 'rmw_fastrtps_cpp' as default
[3.712s] -- Found ament_lint_auto: 0.12.11 (/opt/ros/humble/share/ament_lint_auto/cmake)
[4.105s] -- Added test 'cppcheck' to perform static code analysis on C / C++ code
[4.105s] -- Configured cppcheck include dirs: $<BUILD_INTERFACE:/home/moses/marp/src/controller/include>
[4.106s] -- Configured cppcheck exclude dirs and/or files: 
[4.109s] -- Added test 'lint_cmake' to check CMake code style
[4.114s] -- Added test 'uncrustify' to check C / C++ code style
[4.115s] -- Configured uncrustify additional arguments: 
[4.117s] -- Added test 'xmllint' to check XML markup files
[4.122s] -- Configuring done
[4.169s] -- Generating done
[4.181s] -- Build files have been written to: /home/moses/marp/build/controller
[4.324s] [ 50%] [32mBuilding CXX object CMakeFiles/controller.dir/src/controller.cpp.o[0m
[4.789s] [01m[K/home/moses/marp/src/controller/src/controller.cpp:11:10:[m[K [01;31m[Kfatal error: [m[Krclcpp/rclcpp.hpp: No such file or directory
[4.789s]    11 | #include [01;31m[K"rclcpp/rclcpp.hpp"[m[K
[4.790s]       |          [01;31m[K^~~~~~~~~~~~~~~~~~~[m[K
[4.790s] compilation terminated.
[4.793s] gmake[2]: *** [CMakeFiles/controller.dir/build.make:76: CMakeFiles/controller.dir/src/controller.cpp.o] Error 1
[4.795s] gmake[1]: *** [CMakeFiles/Makefile2:137: CMakeFiles/controller.dir/all] Error 2
[4.796s] gmake: *** [Makefile:146: all] Error 2
[4.807s] Invoked command in '/home/moses/marp/build/controller' returned '2': CMAKE_PREFIX_PATH=/opt/ros/humble /usr/bin/cmake --build /home/moses/marp/build/controller -- -j4 -l4
