[0.052s] Invoking command in '/home/moses/marp/build/dt_controller': CMAKE_PREFIX_PATH=/opt/ros/humble /usr/bin/cmake --build /home/moses/marp/build/dt_controller -- -j4 -l4
[0.381s] -- Found ament_cmake: 1.3.9 (/opt/ros/humble/share/ament_cmake/cmake)
[1.036s] -- Found ament_lint_auto: 0.12.11 (/opt/ros/humble/share/ament_lint_auto/cmake)
[1.392s] -- Added test 'cppcheck' to perform static code analysis on C / C++ code
[1.393s] -- Configured cppcheck include dirs: $<BUILD_INTERFACE:/home/moses/marp/src/dt_controller/include>
[1.393s] -- Configured cppcheck exclude dirs and/or files: 
[1.398s] -- Added test 'lint_cmake' to check CMake code style
[1.405s] -- Added test 'uncrustify' to check C / C++ code style
[1.406s] -- Configured uncrustify additional arguments: 
[1.409s] -- Added test 'xmllint' to check XML markup files
[1.414s] -- Configuring done
[1.443s] -- Generating done
[1.450s] -- Build files have been written to: /home/moses/marp/build/dt_controller
[1.550s] [35m[1mConsolidate compiler generated dependencies of target dt_controller[0m
[1.593s] [ 50%] [32mBuilding CXX object CMakeFiles/dt_controller.dir/src/dt_controller.cpp.o[0m
[1.856s] [01m[K/home/moses/marp/src/dt_controller/src/dt_controller.cpp:20:10:[m[K [01;31m[Kfatal error: [m[Krclcpp/rclcpp.hpp: No such file or directory
[1.856s]    20 | #include [01;31m[K"rclcpp/rclcpp.hpp"[m[K
[1.857s]       |          [01;31m[K^~~~~~~~~~~~~~~~~~~[m[K
[1.858s] compilation terminated.
[1.862s] gmake[2]: *** [CMakeFiles/dt_controller.dir/build.make:76: CMakeFiles/dt_controller.dir/src/dt_controller.cpp.o] Error 1
[1.863s] gmake[1]: *** [CMakeFiles/Makefile2:137: CMakeFiles/dt_controller.dir/all] Error 2
[1.864s] gmake: *** [Makefile:146: all] Error 2
[1.871s] Invoked command in '/home/moses/marp/build/dt_controller' returned '2': CMAKE_PREFIX_PATH=/opt/ros/humble /usr/bin/cmake --build /home/moses/marp/build/dt_controller -- -j4 -l4
