[0.048s] Invoking command in '/home/moses/marp/build/dtc': CMAKE_PREFIX_PATH=${CMAKE_PREFIX_PATH}:/opt/ros/humble /usr/bin/cmake --build /home/moses/marp/build/dtc -- -j4 -l4
[0.228s] [35m[1mConsolidate compiler generated dependencies of target dtc[0m
[0.329s] [ 50%] [32mBuilding CXX object CMakeFiles/dtc.dir/src/dtc.cpp.o[0m
[3.434s] In file included from [01m[K/home/moses/marp/src/dtc/src/dtc.cpp:7[m[K:
[3.437s] [01m[K/home/moses/marp/src/serialib/lib/serialib.cpp:[m[K In member function â€˜[01m[Kint serialib::readStringNoTimeOut(char*, char, unsigned int)[m[Kâ€™:
[3.438s] [01m[K/home/moses/marp/src/serialib/lib/serialib.cpp:576:21:[m[K [01;35m[Kwarning: [m[Kcomparison is always false due to limited range of data type [[01;35m[K]8;;https://gcc.gnu.org/onlinedocs/gcc/Warning-Options.html#index-Wtype-limits-Wtype-limits]8;;[m[K]
[3.438s]   576 |         if ([01;35m[KcharRead<0[m[K) return charRead;
[3.444s]       |             [01;35m[K~~~~~~~~^~[m[K
[3.445s] [01m[K/home/moses/marp/src/serialib/lib/serialib.cpp:[m[K In member function â€˜[01m[Kint serialib::readString(char*, char, unsigned int, unsigned int)[m[Kâ€™:
[3.446s] [01m[K/home/moses/marp/src/serialib/lib/serialib.cpp:639:25:[m[K [01;35m[Kwarning: [m[Kcomparison is always false due to limited range of data type [[01;35m[K]8;;https://gcc.gnu.org/onlinedocs/gcc/Warning-Options.html#index-Wtype-limits-Wtype-limits]8;;[m[K]
[3.446s]   639 |             if ([01;35m[KcharRead<0[m[K) return charRead;
[3.447s]       |                 [01;35m[K~~~~~~~~^~[m[K
[10.582s] [01m[K/home/moses/marp/src/dtc/src/dtc.cpp:[m[K In member function â€˜[01m[Kvoid MinimalPublisher::timer_callback()[m[Kâ€™:
[10.582s] [01m[K/home/moses/marp/src/dtc/src/dtc.cpp:41:14:[m[K [01;31m[Kerror: [m[Kâ€˜[01m[Kclass serialib[m[Kâ€™ has no member named â€˜[01m[Kprintln[m[Kâ€™
[10.583s]    41 |       serial.[01;31m[Kprintln[m[K("hello");
[10.583s]       |              [01;31m[K^~~~~~~[m[K
[13.596s] gmake[2]: *** [CMakeFiles/dtc.dir/build.make:76: CMakeFiles/dtc.dir/src/dtc.cpp.o] Error 1
[13.597s] gmake[1]: *** [CMakeFiles/Makefile2:137: CMakeFiles/dtc.dir/all] Error 2
[13.598s] gmake: *** [Makefile:146: all] Error 2
[13.605s] Invoked command in '/home/moses/marp/build/dtc' returned '2': CMAKE_PREFIX_PATH=${CMAKE_PREFIX_PATH}:/opt/ros/humble /usr/bin/cmake --build /home/moses/marp/build/dtc -- -j4 -l4
