[0.052s] Invoking command in '/home/moses/marp/build/dtc': CMAKE_PREFIX_PATH=${CMAKE_PREFIX_PATH}:/opt/ros/humble /usr/bin/cmake --build /home/moses/marp/build/dtc -- -j4 -l4
[0.141s] -- Found ament_cmake: 1.3.9 (/opt/ros/humble/share/ament_cmake/cmake)
[0.696s] -- Found ament_lint_auto: 0.12.11 (/opt/ros/humble/share/ament_lint_auto/cmake)
[1.003s] -- Added test 'cppcheck' to perform static code analysis on C / C++ code
[1.004s] -- Configured cppcheck include dirs: $<BUILD_INTERFACE:/home/moses/marp/src/dtc/include>
[1.004s] -- Configured cppcheck exclude dirs and/or files: 
[1.007s] -- Added test 'lint_cmake' to check CMake code style
[1.013s] -- Added test 'uncrustify' to check C / C++ code style
[1.014s] -- Configured uncrustify additional arguments: 
[1.016s] -- Added test 'xmllint' to check XML markup files
[1.019s] -- Configuring done
[1.043s] -- Generating done
[1.049s] -- Build files have been written to: /home/moses/marp/build/dtc
[1.130s] [35m[1mConsolidate compiler generated dependencies of target dtc[0m
[1.175s] [ 50%] [32mBuilding CXX object CMakeFiles/dtc.dir/src/dtc.cpp.o[0m
[1.391s] [01m[K/home/moses/marp/src/dtc/src/dtc.cpp:6:10:[m[K [01;31m[Kfatal error: [m[Krclcpp/rclcpp.hpp: No such file or directory
[1.392s]     6 | #include [01;31m[K"rclcpp/rclcpp.hpp"[m[K
[1.392s]       |          [01;31m[K^~~~~~~~~~~~~~~~~~~[m[K
[1.393s] compilation terminated.
[1.397s] gmake[2]: *** [CMakeFiles/dtc.dir/build.make:76: CMakeFiles/dtc.dir/src/dtc.cpp.o] Error 1
[1.398s] gmake[1]: *** [CMakeFiles/Makefile2:137: CMakeFiles/dtc.dir/all] Error 2
[1.399s] gmake: *** [Makefile:146: all] Error 2
[1.405s] Invoked command in '/home/moses/marp/build/dtc' returned '2': CMAKE_PREFIX_PATH=${CMAKE_PREFIX_PATH}:/opt/ros/humble /usr/bin/cmake --build /home/moses/marp/build/dtc -- -j4 -l4
