[35m[1mConsolidate compiler generated dependencies of target dtc[0m
[ 50%] [32mBuilding CXX object CMakeFiles/dtc.dir/src/dtc.cpp.o[0m
In file included from [01m[K/home/moses/marp/src/dtc/src/dtc.cpp:59[m[K:
[01m[K/home/moses/marp/src/serialib/lib/serialib.cpp:[m[K In member function â€˜[01m[Kint serialib::readStringNoTimeOut(char*, char, unsigned int)[m[Kâ€™:
[01m[K/home/moses/marp/src/serialib/lib/serialib.cpp:576:21:[m[K [01;35m[Kwarning: [m[Kcomparison is always false due to limited range of data type [[01;35m[K]8;;https://gcc.gnu.org/onlinedocs/gcc/Warning-Options.html#index-Wtype-limits-Wtype-limits]8;;[m[K]
  576 |         if ([01;35m[KcharRead<0[m[K) return charRead;
      |             [01;35m[K~~~~~~~~^~[m[K
[01m[K/home/moses/marp/src/serialib/lib/serialib.cpp:[m[K In member function â€˜[01m[Kint serialib::readString(char*, char, unsigned int, unsigned int)[m[Kâ€™:
[01m[K/home/moses/marp/src/serialib/lib/serialib.cpp:639:25:[m[K [01;35m[Kwarning: [m[Kcomparison is always false due to limited range of data type [[01;35m[K]8;;https://gcc.gnu.org/onlinedocs/gcc/Warning-Options.html#index-Wtype-limits-Wtype-limits]8;;[m[K]
  639 |             if ([01;35m[KcharRead<0[m[K) return charRead;
      |                 [01;35m[K~~~~~~~~^~[m[K
[01m[K/home/moses/marp/src/dtc/src/dtc.cpp:[m[K In function â€˜[01m[Kint main(int, char**)[m[Kâ€™:
[01m[K/home/moses/marp/src/dtc/src/dtc.cpp:87:23:[m[K [01;31m[Kerror: [m[Kâ€˜[01m[Kserial[m[Kâ€™ was not declared in this scope; did you mean â€˜[01m[Kserialib[m[Kâ€™?
   87 |   char errorOpening = [01;31m[Kserial[m[K.openDevice(SERIAL_PORT, 19200);
      |                       [01;31m[K^~~~~~[m[K
      |                       [32m[Kserialib[m[K
[01m[K/home/moses/marp/src/dtc/src/dtc.cpp:87:41:[m[K [01;31m[Kerror: [m[Kâ€˜[01m[KSERIAL_PORT[m[Kâ€™ was not declared in this scope
   87 |   char errorOpening = serial.openDevice([01;31m[KSERIAL_PORT[m[K, 19200);
      |                                         [01;31m[K^~~~~~~~~~~[m[K
gmake[2]: *** [CMakeFiles/dtc.dir/build.make:76: CMakeFiles/dtc.dir/src/dtc.cpp.o] Error 1
gmake[1]: *** [CMakeFiles/Makefile2:137: CMakeFiles/dtc.dir/all] Error 2
gmake: *** [Makefile:146: all] Error 2
